\BOOKMARK [0][]{chapter.1}{\376\377\173\054\116\000\172\340\000\040\000\040\117\177\165\050\213\364\146\016}{}% 1
\BOOKMARK [1][]{section.1.1}{\376\377\0001\000.\0001\000\040\163\257\130\203\221\115\177\156}{chapter.1}% 2
\BOOKMARK [1][]{section.1.2}{\376\377\0001\000.\0002\000\040\177\026\213\321}{chapter.1}% 3
\BOOKMARK [1][]{section.1.3}{\376\377\0001\000.\0003\000\040\117\177\165\050\152\041\162\110}{chapter.1}% 4
\BOOKMARK [2][]{subsection.1.3.1}{\376\377\0001\000.\0003\000.\0001\000\040\171\072\117\213\213\272\145\207}{section.1.3}% 5
\BOOKMARK [2][]{subsection.1.3.2}{\376\377\0001\000.\0003\000.\0002\000\040\201\352\133\232\116\111\152\041\162\110}{section.1.3}% 6
\BOOKMARK [0][]{chapter.2}{\376\377\173\054\116\214\172\340\000\040\000\040\117\177\165\050\171\072\117\213}{}% 7
\BOOKMARK [1][]{section.2.1}{\376\377\0002\000.\0001\000\040\116\214\176\247\150\007\230\230}{chapter.2}% 8
\BOOKMARK [2][]{subsection.2.1.1}{\376\377\0002\000.\0001\000.\0001\000\040\116\011\176\247\150\007\230\230}{section.2.1}% 9
\BOOKMARK [1][]{section.2.2}{\376\377\0002\000.\0002\000\040\126\376\210\150}{chapter.2}% 10
\BOOKMARK [2][]{subsection.2.2.1}{\376\377\0002\000.\0002\000.\0001\000\040\143\322\126\376}{section.2.2}% 11
\BOOKMARK [2][]{subsection.2.2.2}{\376\377\0002\000.\0002\000.\0002\000\040\210\150\150\074}{section.2.2}% 12
\BOOKMARK [1][]{section.2.3}{\376\377\0002\000.\0003\000\040\165\073\126\376}{chapter.2}% 13
\BOOKMARK [1][]{section.2.4}{\376\377\0002\000.\0004\000\040\121\154\137\017}{chapter.2}% 14
\BOOKMARK [1][]{section.2.5}{\376\377\0002\000.\0005\000\040\173\227\154\325}{chapter.2}% 15
\BOOKMARK [0][]{chapter*.8}{\376\377\123\302\200\003\145\207\163\056}{}% 16
\BOOKMARK [0][]{chapter*.9}{\376\377\226\104\137\125}{}% 17
\BOOKMARK [1][]{section.3.1}{\376\377\000A\000.\0001\000\040\226\104\210\150}{chapter*.9}% 18
\BOOKMARK [1][]{section.3.2}{\376\377\000A\000.\0002\000\040\123\246\225\350\131\047\133\146\147\054\171\321\153\325\116\032\213\272\145\207\377\010\213\276\213\241\377\011\211\304\203\003\144\130\211\201}{chapter*.9}% 19
\BOOKMARK [2][]{subsection.3.2.1}{\376\377\000A\000.\0002\000.\0001\000\040\226\104\137\125\116\011\176\247\150\007\230\230}{section.3.2}% 20
\BOOKMARK [0][]{chapter*.11}{\376\377\201\364\214\042}{}% 21
